Start running res algorithm 0
RES algorithm: k = 50, r = 39966, runtime = 5.108 secs.
[80406, 434, 80985, 1524, 51544, 1556, 30319, 87123, 80404, 15686, 9082, 93244, 1244, 18638, 2870, 138413, 80405, 15833, 97120, 79673, 8788, 25413, 93126, 11181, 97937, 6840, 92562, 69536, 92396, 16712, 655, 19694, 291643, 91889, 93248, 140322, 981, 60414, 140338, 78570, 2953, 93238, 92263, 83320, 140079, 17828, 139536, 29393, 79825, 76152]
Start running res algorithm 1
RES algorithm: k = 50, r = 39966, runtime = 5.057 secs.
[80406, 434, 1524, 80985, 51544, 1556, 80404, 15686, 30319, 87123, 9082, 138413, 93244, 1244, 18638, 2870, 15833, 80405, 8788, 79673, 97120, 93126, 97937, 25413, 11181, 6840, 69536, 93248, 92562, 655, 16712, 91889, 140322, 92396, 19694, 2953, 981, 291643, 140338, 93238, 78570, 60414, 83320, 140079, 79825, 29393, 76152, 195867, 92263, 17828]
Start running res algorithm 2
RES algorithm: k = 50, r = 39966, runtime = 5.076 secs.
[80406, 434, 80985, 1524, 51544, 1556, 30319, 80404, 87123, 15686, 9082, 1244, 138413, 93244, 80405, 97120, 18638, 2870, 15833, 93126, 8788, 79673, 11181, 25413, 97937, 655, 92562, 69536, 93248, 16712, 91889, 6840, 140322, 19694, 92396, 140338, 2953, 60414, 291643, 981, 78570, 93238, 140079, 83320, 92263, 29393, 195867, 79825, 18104, 139536]
Start running res algorithm 3
RES algorithm: k = 50, r = 39966, runtime = 4.547 secs.
[80406, 434, 80985, 1524, 51544, 1556, 30319, 87123, 80404, 15686, 9082, 1244, 93244, 138413, 80405, 18638, 2870, 97120, 8788, 93126, 11181, 15833, 79673, 97937, 6840, 69536, 92562, 25413, 92396, 140322, 91889, 16712, 655, 291643, 19694, 93248, 981, 78570, 2953, 140338, 93238, 92263, 140079, 83320, 60414, 93249, 139536, 76152, 18104, 330711]
Start running res algorithm 4
RES algorithm: k = 50, r = 39966, runtime = 9.767 secs.
[80406, 434, 80985, 51544, 1524, 1556, 80404, 15686, 87123, 30319, 9082, 93244, 138413, 1244, 80405, 18638, 8788, 2870, 97120, 11181, 93126, 140338, 15833, 79673, 6840, 92562, 25413, 19694, 97937, 92396, 69536, 91889, 16712, 655, 291643, 140322, 2953, 93248, 60414, 78570, 981, 83320, 93238, 92263, 140079, 17828, 957, 76152, 29393, 139536]
Start running res algorithm 5
RES algorithm: k = 50, r = 39966, runtime = 4.274 secs.
[80406, 434, 51544, 1524, 80985, 1556, 80404, 15686, 87123, 9082, 1244, 30319, 138413, 18638, 93244, 97120, 2870, 80405, 19694, 6840, 15833, 93126, 11181, 79673, 8788, 92562, 97937, 69536, 92396, 25413, 655, 16712, 91889, 981, 140322, 93248, 291643, 140338, 60414, 78570, 2953, 83320, 93238, 140079, 29393, 92263, 17828, 76152, 138510, 79825]
Start running res algorithm 6
RES algorithm: k = 50, r = 39966, runtime = 4.783 secs.
[80406, 434, 80985, 51544, 1524, 1556, 80404, 15686, 87123, 93244, 9082, 30319, 1244, 138413, 2870, 18638, 97120, 80405, 15833, 8788, 93126, 97937, 11181, 79673, 6840, 69536, 25413, 92562, 92396, 91889, 655, 16712, 19694, 140322, 291643, 93248, 78570, 140338, 93238, 981, 2953, 83320, 92263, 140079, 60414, 17828, 76152, 79825, 29393, 195867]
Start running res algorithm 7
RES algorithm: k = 50, r = 39966, runtime = 5.598 secs.
[80406, 434, 80985, 51544, 1524, 1556, 80404, 15686, 87123, 30319, 9082, 1244, 93244, 138413, 80405, 18638, 2870, 8788, 11181, 97120, 93126, 15833, 79673, 69536, 97937, 92562, 655, 25413, 93248, 91889, 16712, 6840, 291643, 92396, 19694, 140338, 92263, 140322, 60414, 981, 93238, 2953, 83320, 78570, 140079, 79825, 17828, 138510, 241304, 29393]
Start running res algorithm 8
RES algorithm: k = 50, r = 39966, runtime = 9.979 secs.
[80406, 434, 80985, 1524, 51544, 1556, 30319, 15686, 80404, 87123, 9082, 93244, 138413, 1244, 80405, 2870, 18638, 15833, 8788, 79673, 97937, 97120, 11181, 93126, 655, 69536, 25413, 6840, 92562, 93248, 16712, 91889, 291643, 19694, 92396, 140322, 140338, 981, 60414, 92263, 2953, 93238, 83320, 76152, 140079, 29393, 78570, 17828, 138510, 79825]
Start running res algorithm 9
RES algorithm: k = 50, r = 39966, runtime = 4.837 secs.
[80406, 434, 51544, 1524, 80985, 1556, 30319, 15686, 80404, 87123, 9082, 1244, 18638, 93244, 138413, 80405, 97120, 2870, 8788, 11181, 93126, 15833, 79673, 97937, 25413, 92562, 6840, 69536, 92396, 16712, 91889, 655, 93248, 140322, 19694, 291643, 981, 2953, 140338, 60414, 92263, 93238, 140079, 83320, 78570, 17828, 76152, 29393, 79825, 18104]
Average runtime = 5.9026 secs.
