Start running res algorithm 0
RES algorithm: k = 50, r = 459115, runtime = 78.655 secs.
[9033, 50072, 2289, 62873, 11677, 11544, 5197, 11736, 3339, 11076, 9054, 13330, 12693, 114630, 11832, 2461, 2257, 11036, 36320, 47882, 5200, 9284, 33878, 50355, 22804, 39287, 9790, 11663, 53943, 14885, 11856, 11453, 4385, 58735, 34817, 12954, 5468, 59382, 8678, 15677, 28100, 7171, 66257, 4724, 113248, 11379, 10506, 11932, 4675, 50133]
Start running res algorithm 1
RES algorithm: k = 50, r = 459115, runtime = 74.053 secs.
[9033, 50072, 2289, 62873, 11677, 11544, 5197, 11736, 3339, 9054, 11076, 13330, 114630, 12693, 2461, 11832, 2257, 11036, 47882, 36320, 33878, 11663, 9284, 9790, 22804, 53943, 39287, 5200, 50355, 11856, 14885, 11453, 4385, 5468, 8678, 12954, 58735, 34817, 15677, 7171, 28100, 59382, 11932, 4724, 66257, 69087, 6398, 50133, 15397, 15945]
Start running res algorithm 2
RES algorithm: k = 50, r = 459115, runtime = 75.501 secs.
[9033, 50072, 2289, 62873, 11677, 5197, 11076, 3339, 9054, 11736, 11544, 13330, 12693, 114630, 2461, 11832, 11036, 47882, 2257, 33878, 36320, 9284, 11663, 9790, 53943, 11453, 39287, 50355, 5200, 11856, 14885, 4385, 22804, 12954, 5468, 58735, 15677, 59382, 34817, 28100, 8678, 11932, 7171, 48505, 113248, 4724, 11379, 10506, 50133, 15397]
Start running res algorithm 3
RES algorithm: k = 50, r = 459115, runtime = 74.841 secs.
[9033, 50072, 2289, 62873, 11677, 11544, 5197, 11736, 3339, 9054, 11076, 13330, 12693, 2461, 11832, 114630, 36320, 2257, 11036, 47882, 33878, 9284, 11663, 9790, 50355, 22804, 39287, 5200, 53943, 14885, 5468, 11856, 4385, 11453, 12954, 34817, 59382, 11379, 58735, 8678, 15677, 11932, 7171, 28100, 113248, 4724, 66257, 10506, 15397, 6398]
Start running res algorithm 4
RES algorithm: k = 50, r = 459115, runtime = 73.504 secs.
[9033, 50072, 2289, 62873, 11677, 5197, 11544, 11736, 3339, 9054, 11076, 13330, 12693, 114630, 2257, 11036, 11832, 2461, 33878, 36320, 47882, 9284, 11663, 9790, 11453, 5200, 53943, 39287, 50355, 14885, 11856, 4385, 22804, 12954, 5468, 34817, 11379, 15677, 7171, 8678, 58735, 59382, 4724, 11932, 28100, 15945, 66257, 28613, 50133, 6398]
Start running res algorithm 5
RES algorithm: k = 50, r = 459115, runtime = 73.732 secs.
[9033, 50072, 2289, 62873, 11677, 11544, 5197, 9054, 11736, 3339, 11076, 13330, 12693, 114630, 11832, 2461, 36320, 2257, 11036, 5200, 9284, 47882, 33878, 9790, 11453, 50355, 39287, 11663, 53943, 14885, 11856, 12954, 22804, 4385, 5468, 8678, 34817, 58735, 59382, 66257, 4724, 113248, 15677, 11932, 7171, 28100, 15397, 10506, 50133, 15945]
Start running res algorithm 6
RES algorithm: k = 50, r = 459115, runtime = 75.252 secs.
[9033, 50072, 2289, 62873, 11677, 11544, 5197, 3339, 11736, 11076, 9054, 13330, 12693, 114630, 11832, 2257, 2461, 11036, 33878, 47882, 9284, 11663, 36320, 50355, 11453, 53943, 39287, 9790, 5200, 11856, 4385, 14885, 5468, 22804, 58735, 34817, 12954, 8678, 7171, 59382, 28100, 66257, 15677, 50133, 4724, 113248, 29161, 11932, 15945, 15397]
Start running res algorithm 7
RES algorithm: k = 50, r = 459115, runtime = 75.234 secs.
[9033, 50072, 2289, 62873, 11677, 11544, 5197, 11736, 3339, 11076, 9054, 13330, 12693, 114630, 11832, 36320, 2461, 11036, 2257, 47882, 33878, 9284, 11663, 9790, 53943, 11453, 39287, 5200, 50355, 14885, 11856, 4385, 22804, 5468, 12954, 58735, 34817, 8678, 15677, 59382, 7171, 113248, 28100, 11932, 48505, 4724, 10506, 11445, 29161, 15397]
Start running res algorithm 8
RES algorithm: k = 50, r = 459115, runtime = 74.271 secs.
[9033, 50072, 2289, 62873, 11677, 5197, 11544, 3339, 11736, 9054, 11076, 12693, 13330, 11832, 114630, 2257, 2461, 11036, 36320, 47882, 33878, 9284, 11663, 11453, 50355, 39287, 9790, 53943, 5200, 11856, 14885, 4385, 12954, 22804, 5468, 7171, 34817, 58735, 59382, 8678, 15677, 11379, 50133, 113248, 28100, 48505, 11932, 4724, 15397, 10506]
Start running res algorithm 9
RES algorithm: k = 50, r = 459115, runtime = 74.034 secs.
[9033, 50072, 2289, 62873, 11677, 5197, 11544, 11736, 3339, 9054, 11076, 13330, 12693, 11832, 114630, 2461, 2257, 11036, 47882, 33878, 36320, 9284, 5200, 9790, 50355, 11453, 39287, 53943, 11663, 11856, 14885, 12954, 22804, 4385, 5468, 34817, 8678, 7171, 15677, 66257, 28100, 58735, 113248, 59382, 11932, 4724, 50133, 15397, 10506, 11379]
Average runtime = 74.9077 secs.
