Start running res algorithm 0
RES algorithm: k = 50, r = 5935, runtime = 0.456 secs.
[7730, 754, 52246, 30530, 44088, 925, 4194, 747, 44089, 113671, 85980, 3131, 84009, 156289, 321404, 156288, 304817, 563784, 121044, 152178, 34107, 305134, 764, 49016, 33474, 113032, 416315, 256407, 19868, 149440, 35504, 109967, 66061, 101870, 57348, 38893, 103076, 115501, 219776, 12500, 336580, 44599, 84014, 404746, 3130, 29896, 336583, 611424, 34605, 33744]
Start running res algorithm 1
RES algorithm: k = 50, r = 5935, runtime = 0.218 secs.
[7730, 52246, 754, 30530, 44088, 44089, 925, 4194, 747, 113671, 3131, 85980, 84009, 156289, 171603, 59600, 35504, 175673, 34893, 158028, 156288, 442239, 12404, 34605, 336580, 34075, 84277, 19792, 9328, 8965, 162803, 152116, 85981, 261170, 337754, 269700, 113852, 175510, 19626, 413771, 113648, 755, 42129, 4907, 91445, 52889, 409085, 12263, 15591, 102714]
Start running res algorithm 2
RES algorithm: k = 50, r = 5935, runtime = 0.233 secs.
[7730, 754, 52246, 30530, 85980, 925, 44089, 747, 4194, 113671, 3131, 44088, 84009, 156289, 184570, 366387, 114069, 46164, 261978, 84361, 597904, 77757, 50146, 156288, 49116, 937, 20441, 188118, 13931, 114337, 416315, 55310, 597092, 611825, 35519, 16650, 21676, 156879, 9106, 173495, 180045, 171603, 172604, 42600, 421336, 115381, 38717, 148919, 102666, 158272]
Start running res algorithm 3
RES algorithm: k = 50, r = 5935, runtime = 0.23 secs.
[7730, 52246, 754, 30530, 44088, 925, 44089, 4194, 747, 113671, 3131, 85980, 84009, 156289, 171603, 156288, 12611, 84361, 13931, 164828, 42129, 82538, 214274, 35022, 388816, 114029, 9242, 168056, 113610, 76245, 36650, 25738, 16563, 42783, 114069, 61895, 438293, 172604, 167393, 23692, 597908, 462722, 404932, 350484, 138129, 34605, 366339, 32487, 101870, 17385]
Start running res algorithm 4
RES algorithm: k = 50, r = 5935, runtime = 0.21 secs.
[7730, 52246, 754, 30530, 85980, 925, 44089, 4194, 747, 113671, 3131, 44088, 84009, 156289, 404746, 321404, 154880, 17780, 336583, 52187, 171603, 156288, 38929, 442410, 148919, 108119, 19914, 164453, 84361, 20124, 117567, 924, 114029, 195927, 264220, 167393, 260261, 162035, 114336, 195929, 19870, 35662, 31587, 546870, 34733, 185468, 113646, 1299, 126794, 178961]
Start running res algorithm 5
RES algorithm: k = 50, r = 5935, runtime = 0.202 secs.
[7730, 52246, 754, 30530, 44088, 925, 44089, 747, 4194, 113671, 3131, 85980, 84009, 156289, 171603, 12825, 81733, 113852, 148919, 156288, 190772, 269701, 254546, 17562, 85912, 499105, 268805, 16385, 597906, 50146, 119421, 152117, 184520, 34445, 29896, 404746, 173495, 113648, 146233, 321404, 434284, 130343, 43769, 73942, 237869, 201649, 336581, 52186, 36650, 17088]
Start running res algorithm 6
RES algorithm: k = 50, r = 5935, runtime = 0.199 secs.
[7730, 52246, 754, 30530, 85980, 925, 44089, 4194, 747, 113671, 3131, 44088, 156289, 84009, 171603, 156288, 116655, 52248, 158028, 3339, 260605, 49015, 66243, 102984, 81510, 9479, 398848, 35504, 122149, 13459, 77792, 193913, 33534, 40618, 65695, 61918, 273492, 597905, 190772, 90491, 74765, 23660, 61492, 383821, 479173, 321764, 49945, 398108, 398161, 398125]
Start running res algorithm 7
RES algorithm: k = 50, r = 5935, runtime = 0.198 secs.
[7730, 52246, 754, 44088, 30530, 925, 4194, 44089, 747, 113671, 85980, 3131, 84009, 156289, 171603, 156288, 321404, 61893, 12404, 62134, 175673, 9479, 193913, 1252, 279279, 43663, 95185, 21676, 327380, 113217, 35504, 79153, 102984, 16650, 1313, 138394, 260626, 546870, 62133, 154458, 84276, 34573, 128854, 158028, 184520, 20466, 336582, 233607, 13370, 184570]
Start running res algorithm 8
RES algorithm: k = 50, r = 5935, runtime = 0.204 secs.
[7730, 754, 52246, 30530, 44088, 44089, 925, 747, 4194, 113671, 3131, 85980, 84009, 156289, 171603, 479173, 52188, 238715, 116655, 62133, 354658, 428173, 260605, 262143, 622544, 66061, 346819, 268625, 1299, 219776, 173495, 765, 281704, 95185, 117468, 164428, 270122, 185468, 25055, 287405, 152690, 34817, 22578, 156288, 31227, 613931, 83992, 5019, 26333, 428035]
Start running res algorithm 9
RES algorithm: k = 50, r = 5935, runtime = 0.202 secs.
[7730, 52246, 754, 30530, 85980, 44089, 925, 4194, 113671, 747, 3131, 44088, 84009, 156289, 91164, 147994, 34541, 16380, 184570, 258927, 263426, 100422, 172604, 171603, 77851, 43198, 84014, 23692, 55636, 349423, 27220, 20442, 261381, 59755, 305131, 83916, 113677, 281713, 12213, 115381, 16698, 73942, 173559, 479931, 321764, 199, 83847, 30528, 13931, 187966]
Average runtime = 0.2352 secs.
