Start running res algorithm 0
RES algorithm: k = 50, r = 3186215, runtime = 1048.575 secs.
[7276, 2289, 1299, 1255, 7730, 1828, 6329, 12637, 22299, 113754, 434, 16695, 5200, 13340, 126112, 8222, 123, 9478, 7316, 15856, 20614, 11076, 933, 39287, 9464, 2499, 13824, 4704, 58735, 2646, 4801, 19925, 8740, 9359, 59137, 10905, 19380, 6206, 33878, 754, 28258, 8936, 29690, 46853, 314, 15480, 3339, 104664, 2691, 2257]
Start running res algorithm 1
RES algorithm: k = 50, r = 3186215, runtime = 870.808 secs.
[7276, 2289, 1299, 1255, 7730, 1828, 6329, 12637, 22299, 113754, 434, 16695, 5200, 13340, 126112, 8222, 123, 20614, 7316, 15856, 39287, 9478, 933, 2499, 4704, 11076, 13824, 4801, 9359, 10905, 9464, 29690, 59137, 2646, 19380, 754, 19925, 8740, 58735, 8936, 6206, 2691, 28258, 33878, 314, 47819, 561, 104664, 34476, 46853]
Start running res algorithm 2
RES algorithm: k = 50, r = 3186215, runtime = 833.359 secs.
[7276, 2289, 1299, 1255, 7730, 1828, 6329, 12637, 22299, 113754, 434, 5200, 16695, 13340, 126112, 8222, 7316, 9478, 123, 15856, 933, 20614, 39287, 11076, 2499, 13824, 4704, 9359, 59137, 19925, 4801, 8740, 2646, 58735, 19380, 754, 9464, 10905, 8936, 6206, 33878, 3339, 314, 28258, 561, 29690, 2691, 16084, 13330, 131023]
Start running res algorithm 3
RES algorithm: k = 50, r = 3186215, runtime = 976.721 secs.
[7276, 2289, 1299, 1255, 1828, 7730, 6329, 12637, 22299, 113754, 434, 16695, 5200, 13340, 126112, 8222, 123, 20614, 15856, 7316, 9478, 11076, 4704, 39287, 933, 2499, 9464, 13824, 19925, 8936, 10905, 59137, 4801, 29690, 6206, 28258, 9359, 33878, 2646, 8740, 58735, 754, 19380, 15480, 104664, 314, 3339, 16084, 47819, 46853]
Start running res algorithm 4
RES algorithm: k = 50, r = 3186215, runtime = 854.166 secs.
[7276, 2289, 1299, 1255, 7730, 1828, 6329, 12637, 22299, 113754, 434, 5200, 16695, 13340, 8222, 126112, 9478, 7316, 123, 15856, 20614, 933, 39287, 9464, 11076, 4704, 13824, 9359, 2499, 4801, 58735, 59137, 34476, 10905, 19925, 8740, 8936, 3339, 314, 33878, 2646, 29690, 754, 28258, 6206, 19380, 15480, 57756, 13330, 16084]
Start running res algorithm 5
RES algorithm: k = 50, r = 3186215, runtime = 809.687 secs.
[7276, 2289, 1299, 1255, 7730, 1828, 12637, 6329, 113754, 22299, 434, 16695, 5200, 13340, 8222, 126112, 9478, 7316, 123, 20614, 15856, 39287, 933, 9464, 11076, 13824, 2499, 4704, 8740, 19925, 10905, 58735, 9359, 4801, 59137, 28258, 29690, 754, 8936, 6206, 2691, 19380, 46853, 13330, 3339, 314, 2646, 47819, 2257, 561]
Start running res algorithm 6
RES algorithm: k = 50, r = 3186215, runtime = 866.057 secs.
[7276, 2289, 1299, 1255, 7730, 1828, 12637, 6329, 113754, 22299, 434, 5200, 16695, 13340, 126112, 8222, 7316, 9478, 123, 20614, 15856, 933, 11076, 39287, 9464, 4704, 13824, 2499, 9359, 6206, 29690, 4801, 19925, 10905, 19380, 8740, 59137, 8936, 28258, 754, 46853, 13330, 2646, 58735, 314, 33878, 104664, 3339, 34476, 2691]
Start running res algorithm 7
RES algorithm: k = 50, r = 3186215, runtime = 808.866 secs.
[7276, 2289, 1299, 1255, 7730, 1828, 6329, 12637, 113754, 22299, 434, 16695, 5200, 13340, 126112, 8222, 7316, 9478, 123, 15856, 20614, 933, 39287, 11076, 4704, 9464, 2499, 13824, 58735, 19925, 4801, 10905, 8936, 8740, 28258, 59137, 6206, 29690, 9359, 754, 2646, 13330, 19380, 314, 2691, 561, 131023, 80406, 33878, 3674]
Start running res algorithm 8
RES algorithm: k = 50, r = 3186215, runtime = 836.275 secs.
[7276, 2289, 1299, 1255, 7730, 1828, 6329, 12637, 22299, 113754, 434, 16695, 5200, 13340, 8222, 126112, 20614, 7316, 15856, 123, 933, 39287, 9478, 11076, 2499, 9464, 13824, 19925, 4704, 8740, 58735, 10905, 9359, 754, 29690, 59137, 4801, 28258, 6206, 8936, 2646, 13330, 19380, 2691, 314, 2257, 46853, 131023, 15480, 57756]
Start running res algorithm 9
RES algorithm: k = 50, r = 3186215, runtime = 818.292 secs.
[7276, 2289, 1299, 1255, 7730, 1828, 6329, 12637, 113754, 22299, 434, 16695, 5200, 13340, 126112, 8222, 123, 15856, 7316, 20614, 933, 9478, 39287, 4704, 11076, 13824, 2499, 19925, 9464, 9359, 58735, 19380, 59137, 2646, 8740, 4801, 10905, 33878, 8936, 6206, 29690, 754, 131023, 314, 28258, 3339, 13330, 46853, 561, 2691]
Average runtime = 872.2805999999998 secs.
