Start running res algorithm 0
RES algorithm: k = 50, r = 560957, runtime = 24.015 secs.
[2289, 22299, 1255, 7276, 6206, 10905, 6329, 16695, 36328, 1299, 32076, 333463, 14384, 47086, 9284, 20614, 46136, 100441, 28258, 561, 1361, 112017, 131635, 76297, 53858, 11379, 117800, 9914, 34490, 107629, 18124, 18491, 48851, 623961, 329458, 476532, 133635, 4704, 82523, 109123, 102503, 85639, 22977, 394078, 9054, 48722, 10082, 73708, 104820, 32293]
Start running res algorithm 1
RES algorithm: k = 50, r = 560957, runtime = 23.049 secs.
[7276, 22299, 2289, 1255, 1299, 13824, 28258, 16695, 9033, 694, 20614, 32976, 4385, 6329, 9223, 67581, 1361, 22745, 113970, 86086, 1828, 39482, 441282, 22287, 9170, 10848, 23898, 561, 18903, 14966, 73708, 10905, 94907, 79728, 90977, 12582, 15677, 12316, 12421, 4674, 72716, 43920, 120401, 48969, 20329, 54108, 29542, 98312, 2069, 11589]
Start running res algorithm 2
RES algorithm: k = 50, r = 560957, runtime = 22.067 secs.
[2289, 7276, 10905, 20614, 6329, 1255, 1361, 2257, 11379, 13824, 9054, 1828, 48969, 23564, 36328, 32076, 5413, 248808, 9284, 14223, 344305, 226819, 22299, 147831, 334109, 276957, 322940, 8426, 1299, 50328, 344161, 101634, 77638, 11162, 2587, 347931, 558549, 270688, 55718, 220571, 240400, 4724, 47898, 15677, 12316, 3788, 261338, 100399, 95532, 305200]
Start running res algorithm 3
RES algorithm: k = 50, r = 560957, runtime = 20.827 secs.
[2289, 7276, 561, 16695, 6206, 6329, 13824, 1299, 39388, 22299, 32076, 1080, 371546, 29986, 176100, 23435, 95501, 17141, 23359, 77116, 48969, 1828, 58735, 10905, 694, 117800, 9790, 2129, 8019, 2257, 4724, 23571, 14111, 15677, 55533, 3339, 373948, 515116, 33519, 160116, 97505, 381135, 356280, 58503, 581804, 402968, 616785, 636525, 191324, 12222]
Start running res algorithm 4
RES algorithm: k = 50, r = 560957, runtime = 21.335 secs.
[7276, 2289, 22299, 20614, 3339, 1255, 6329, 1299, 9481, 28258, 10905, 16695, 9321, 173886, 131010, 570, 22230, 9790, 301423, 1101, 282905, 12421, 32076, 14111, 39388, 15307, 117800, 633343, 66129, 304934, 226504, 1361, 165426, 1828, 19578, 2129, 451144, 82523, 1353, 403032, 378764, 148457, 8674, 8874, 309032, 515157, 348161, 321849, 139276, 23435]
Start running res algorithm 5
RES algorithm: k = 50, r = 560957, runtime = 21.08 secs.
[7276, 2289, 1255, 1828, 20614, 561, 4704, 9284, 39388, 32076, 4674, 72583, 6329, 16695, 39482, 653128, 83839, 10905, 22299, 9446, 797, 1299, 9790, 1361, 190495, 391282, 55025, 494464, 46105, 17141, 62258, 28258, 227831, 130343, 277462, 514369, 12582, 22230, 46534, 35770, 76021, 13680, 101375, 73708, 10504, 49079, 591978, 204341, 573845, 283696]
Start running res algorithm 6
RES algorithm: k = 50, r = 560957, runtime = 21.851 secs.
[7276, 2289, 22299, 6329, 4385, 1299, 82523, 48969, 12582, 32076, 27639, 28258, 14021, 10905, 9054, 1255, 66142, 530124, 87089, 77696, 55980, 3339, 13138, 9284, 478134, 102697, 68893, 341580, 39482, 16695, 3953, 46448, 9033, 6206, 166116, 128393, 62047, 76740, 290453, 585113, 561, 77473, 77638, 154160, 193670, 120267, 381356, 268241, 142982, 646454]
Start running res algorithm 7
RES algorithm: k = 50, r = 560957, runtime = 20.85 secs.
[7276, 1255, 13824, 19578, 2289, 4385, 3339, 1828, 6206, 9790, 1299, 20054, 16695, 4724, 28258, 2129, 9054, 561, 15677, 33257, 33519, 415230, 10298, 20614, 2257, 427433, 23564, 53858, 1361, 263117, 81970, 13745, 34445, 39388, 26333, 46067, 36927, 246857, 281327, 584380, 8674, 37855, 316415, 9223, 9305, 414455, 301011, 437843, 599031, 63561]
Start running res algorithm 8
RES algorithm: k = 50, r = 560957, runtime = 21.511 secs.
[7276, 1299, 1255, 2289, 561, 10504, 2129, 9054, 1828, 10298, 22299, 4904, 29542, 60051, 71845, 438391, 48705, 6329, 9008, 20880, 16695, 61667, 202112, 48969, 10905, 19590, 240400, 23564, 9284, 28258, 85515, 76174, 6687, 98272, 2257, 11379, 469096, 352251, 65584, 71402, 13824, 57502, 105115, 112158, 39482, 15677, 226767, 33482, 9223, 296664]
Start running res algorithm 9
RES algorithm: k = 50, r = 560957, runtime = 21.487 secs.
[7276, 2289, 22299, 1299, 32076, 16695, 6329, 11379, 2257, 2587, 10905, 66710, 8874, 4026, 9284, 9790, 350128, 97447, 44296, 13824, 9793, 39388, 3953, 321089, 29542, 11589, 3339, 4385, 28258, 451287, 47507, 19578, 29986, 39771, 402616, 89154, 99252, 66653, 72727, 9054, 120983, 168879, 102524, 17901, 373948, 47819, 33519, 325097, 561, 1828]
Average runtime = 21.807199999999998 secs.
