Start running res algorithm 0
RES algorithm: k = 50, r = 3111332, runtime = 174.596 secs.
[7276, 2289, 5991, 62873, 22299, 33878, 13330, 16695, 47086, 7730, 17032, 9170, 1255, 37275, 933, 104136, 51544, 9033, 33932, 3339, 27534, 2499, 38153, 10905, 9100, 1299, 4594, 244632, 11420, 65895, 12077, 12268, 9359, 9446, 67145, 18034, 53, 11083, 29867, 19921, 1828, 230049, 3665, 23380, 754, 50072, 340366, 28613, 149575, 59533]
Start running res algorithm 1
RES algorithm: k = 50, r = 3111332, runtime = 145.335 secs.
[7276, 104136, 1299, 9517, 2289, 9305, 10905, 22995, 146437, 32076, 2646, 11076, 13330, 314, 77466, 561, 248009, 19925, 48475, 1828, 2499, 39287, 104133, 123, 933, 9100, 1255, 6329, 11420, 12637, 95076, 19616, 48969, 59143, 31807, 3674, 22299, 8788, 68971, 171871, 19380, 203002, 61387, 4662, 4801, 78120, 175483, 151018, 113754, 39388]
Start running res algorithm 2
RES algorithm: k = 50, r = 3111332, runtime = 146.332 secs.
[7276, 2289, 1255, 9054, 13330, 7974, 10905, 9100, 13675, 6329, 16695, 9305, 11445, 2257, 113754, 22299, 101250, 80133, 12637, 27534, 561, 5200, 7730, 8000, 32076, 33878, 90714, 15480, 9183, 46544, 1828, 23135, 25239, 11549, 11779, 53121, 131604, 56098, 9478, 22995, 434, 50072, 11087, 117720, 104135, 8956, 133625, 23986, 5197, 38768]
Start running res algorithm 3
RES algorithm: k = 50, r = 3111332, runtime = 138.572 secs.
[2289, 7276, 13330, 1299, 22299, 8795, 1828, 34476, 27534, 20614, 5991, 117743, 934, 6329, 7730, 58735, 50096, 11444, 56597, 59137, 62873, 104130, 29037, 80133, 3068, 811, 29045, 33980, 48475, 5468, 117722, 67435, 19925, 639196, 36320, 11076, 40022, 17301, 74410, 100332, 23564, 326823, 11442, 9784, 4278, 10905, 11083, 28258, 19140, 50761]
Start running res algorithm 4
RES algorithm: k = 50, r = 3111332, runtime = 134.57 secs.
[2289, 7276, 1828, 59137, 13330, 22297, 26548, 15480, 32076, 10905, 402784, 80406, 57756, 36320, 13824, 62317, 7730, 34817, 933, 9054, 19626, 27045, 91878, 2587, 5200, 104130, 31148, 2918, 11445, 104141, 198384, 67435, 19925, 33878, 754, 6329, 180536, 13104, 1299, 22299, 22415, 561, 6206, 144153, 19638, 30257, 44963, 48969, 23135, 23435]
Start running res algorithm 5
RES algorithm: k = 50, r = 3111332, runtime = 135.621 secs.
[7276, 13330, 1299, 48475, 22299, 434, 16142, 32076, 10504, 10905, 11445, 161978, 22474, 23564, 104141, 9517, 48969, 183, 5200, 6329, 11689, 11076, 95076, 44963, 84419, 2129, 27045, 13340, 146437, 33878, 20614, 113248, 29933, 16037, 87428, 23274, 10000, 79206, 13824, 69087, 2429, 36020, 90714, 93249, 2289, 561, 288713, 12927, 104136, 104519]
Start running res algorithm 6
RES algorithm: k = 50, r = 3111332, runtime = 134.877 secs.
[2289, 7276, 11076, 2499, 1452, 6329, 12637, 22299, 9478, 1255, 1299, 39287, 11378, 11760, 7730, 13824, 9784, 59137, 2129, 80406, 34174, 12693, 11083, 18335, 161978, 47086, 35363, 11533, 13330, 16695, 33878, 2101, 5991, 104131, 27534, 9284, 28304, 121270, 11445, 117719, 13340, 9464, 9914, 422183, 57487, 20614, 946, 26667, 9054, 132833]
Start running res algorithm 7
RES algorithm: k = 50, r = 3111332, runtime = 136.762 secs.
[2289, 7276, 13330, 1255, 5991, 561, 26548, 50133, 19925, 9478, 48475, 22299, 11453, 146437, 20614, 53506, 16142, 8140, 95076, 4724, 117715, 27534, 113646, 60955, 104141, 67435, 15343, 59137, 293811, 2210, 37275, 101284, 434, 11536, 12525, 12637, 10711, 10905, 104137, 66257, 28304, 15486, 95185, 608826, 101308, 39482, 13824, 31469, 21814, 62254]
Start running res algorithm 8
RES algorithm: k = 50, r = 3111332, runtime = 134.745 secs.
[2289, 6206, 7276, 1255, 33878, 1299, 22299, 13675, 81163, 9054, 11379, 80406, 104130, 11076, 16703, 66243, 14021, 10000, 7730, 9517, 16020, 18034, 75086, 50133, 39388, 13824, 95956, 23430, 50577, 52085, 29045, 15856, 5444, 6981, 27639, 13330, 108095, 59137, 113754, 4385, 11453, 7974, 8956, 13340, 29282, 33676, 34476, 20989, 862, 24040]
Start running res algorithm 9
RES algorithm: k = 50, r = 3111332, runtime = 134.034 secs.
[7276, 13330, 16142, 37275, 2499, 1828, 1255, 2289, 5991, 59137, 561, 39287, 7730, 1299, 117714, 13340, 29986, 1361, 11076, 20614, 6206, 11375, 9100, 28019, 113754, 560151, 22299, 9284, 9793, 80406, 45048, 23380, 63634, 16695, 34476, 2101, 23430, 101250, 6329, 7359, 12637, 44373, 74084, 35507, 4621, 5197, 38828, 6050, 51207, 104664]
Average runtime = 141.5444 secs.
