Start running res algorithm 0
RES algorithm: k = 50, r = 47916, runtime = 2.184 secs.
[530512, 11890, 68347, 20899, 141550, 50072, 151019, 141589, 165997, 22747, 30283, 356521, 183439, 47162, 144151, 378554, 73809, 196401, 515879, 151380, 17767, 226771, 388005, 332457, 258949, 12671, 141938, 62857, 301929, 182323, 199180, 105205, 11379, 333651, 30511, 52702, 355591, 92064, 190179, 66769, 12982, 22476, 33058, 13458, 29161, 246356, 121768, 11071, 69201, 63697]
Start running res algorithm 1
RES algorithm: k = 50, r = 47916, runtime = 1.504 secs.
[16695, 15397, 250147, 67628, 159714, 50072, 114836, 115559, 54689, 105859, 117738, 41118, 583635, 46718, 141575, 53147, 105303, 312776, 211706, 92065, 61868, 148971, 151590, 11369, 128278, 14935, 28663, 73311, 201974, 288713, 319517, 151866, 645430, 473, 53951, 151282, 95736, 11627, 627248, 251882, 11681, 9556, 159298, 11764, 252080, 526466, 144593, 615944, 11804, 479608]
Start running res algorithm 2
RES algorithm: k = 50, r = 47916, runtime = 1.469 secs.
[187442, 229908, 69093, 50072, 11832, 11475, 159280, 73456, 66653, 20899, 12439, 11071, 112241, 371214, 69441, 101284, 118929, 252212, 142605, 11641, 615983, 66124, 159513, 391047, 28663, 28721, 69536, 100324, 346160, 381377, 625918, 69216, 11092, 166056, 180354, 15513, 410213, 8846, 249818, 166204, 11573, 187414, 101172, 121539, 198014, 117836, 48145, 11836, 117726, 323231]
Start running res algorithm 3
RES algorithm: k = 50, r = 47916, runtime = 1.919 secs.
[15397, 16695, 117878, 66160, 140860, 137276, 199176, 31208, 63223, 187441, 143014, 152062, 6760, 68347, 352053, 2382, 152337, 151018, 190069, 230269, 110783, 102219, 448858, 170679, 25226, 63566, 30603, 190956, 370911, 122386, 579833, 11829, 36235, 118139, 77269, 140884, 73467, 50081, 151257, 151282, 442602, 95837, 8084, 57748, 400685, 7651, 105680, 165227, 159310, 4674]
Start running res algorithm 4
RES algorithm: k = 50, r = 47916, runtime = 1.507 secs.
[11407, 65373, 201528, 11847, 288179, 16695, 346116, 259477, 33974, 380317, 6760, 22747, 11573, 438838, 14395, 527214, 187109, 4681, 66146, 11830, 102070, 95501, 7386, 396565, 105351, 105366, 151200, 448931, 1361, 66505, 383973, 17767, 93623, 187693, 68591, 19380, 70890, 122357, 224005, 13675, 332457, 156759, 174446, 37860, 149722, 199176, 208951, 36797, 143015, 65482]
Start running res algorithm 5
RES algorithm: k = 50, r = 47916, runtime = 1.417 secs.
[16695, 15397, 33058, 20899, 25118, 11407, 140884, 151872, 466087, 11405, 228101, 132758, 252759, 144130, 68347, 461075, 58911, 37264, 53424, 143729, 406873, 85111, 122291, 1841, 602561, 6760, 159869, 23008, 104645, 338334, 37925, 67770, 194399, 406921, 545099, 338151, 229861, 335069, 22212, 435278, 73708, 92035, 4675, 590180, 12144, 356766, 129719, 16370, 47524, 28663]
Start running res algorithm 6
RES algorithm: k = 50, r = 47916, runtime = 1.446 secs.
[252028, 151018, 65027, 513429, 201004, 251764, 141246, 9606, 308210, 66750, 66392, 366435, 144064, 139457, 11832, 35023, 4681, 11071, 482894, 157128, 63267, 165517, 252437, 295579, 159271, 440989, 25226, 199485, 589268, 145538, 392290, 97222, 141371, 159238, 11957, 2382, 63992, 489657, 332587, 325097, 120165, 33500, 1299, 159245, 63334, 92087, 73708, 11694, 66796, 335209]
Start running res algorithm 7
RES algorithm: k = 50, r = 47916, runtime = 1.437 secs.
[2076, 11407, 159308, 405809, 63928, 142103, 321978, 32658, 141245, 16695, 122502, 323212, 150410, 69093, 85274, 20898, 12429, 9008, 67628, 366435, 398803, 95910, 293934, 11567, 202013, 159386, 56662, 33058, 49453, 354977, 159300, 101688, 20061, 207205, 373735, 50072, 473775, 199272, 14394, 214298, 228547, 63576, 44515, 489155, 332621, 245705, 338794, 396663, 11830, 11831]
Start running res algorithm 8
RES algorithm: k = 50, r = 47916, runtime = 1.359 secs.
[16695, 88536, 299368, 63362, 11832, 346194, 73411, 53926, 50072, 355163, 262734, 18894, 130232, 73456, 33058, 150651, 69237, 66441, 428465, 327753, 68483, 20899, 92203, 151834, 10892, 66406, 131666, 39643, 214299, 378584, 85643, 58060, 24855, 160322, 304864, 93643, 128479, 11846, 390673, 189382, 70117, 11955, 11383, 28663, 121261, 392920, 191119, 558642, 335469, 403274]
Start running res algorithm 9
RES algorithm: k = 50, r = 47916, runtime = 1.446 secs.
[117739, 137075, 95736, 356343, 101282, 92087, 155837, 29997, 50072, 20899, 14215, 15023, 25118, 16695, 202369, 20890, 20898, 11900, 319516, 63212, 251268, 336686, 352796, 13212, 463177, 122291, 66145, 151594, 226748, 105204, 152368, 23010, 580507, 150499, 277755, 301929, 627462, 11467, 11473, 118986, 11489, 121664, 146982, 627270, 91707, 422074, 212329, 144595, 370953, 157079]
Average runtime = 1.5688 secs.
