Start running res algorithm 0
RES algorithm: k = 50, r = 3661, runtime = 0.221 secs.
[69737, 4887, 13529, 12895, 12893, 40053, 472073, 175633, 472270, 130343, 18882, 79195, 189375, 2246, 102352, 472077, 287373, 472037, 102059, 438567, 106231, 167562, 118158, 409073, 55453, 1482, 33987, 69762, 13526, 765, 35662, 12894, 29068, 75130, 5268, 555302, 69599, 448501, 69734, 196960, 23903, 147409, 4682, 472088, 13524, 101285, 152506, 472075, 535, 329721]
Start running res algorithm 1
RES algorithm: k = 50, r = 3661, runtime = 0.2 secs.
[216360, 69592, 114438, 611835, 386028, 260099, 138680, 99215, 197140, 436598, 264429, 127549, 102058, 216752, 47324, 148881, 12835, 69735, 12840, 10647, 38152, 12891, 50199, 101294, 196733, 5268, 106229, 350025, 472974, 253531, 79527, 69744, 1482, 11847, 4893, 253524, 260039, 472087, 102352, 357697, 101295, 29826, 282950, 102060, 396879, 222239, 128075, 378800, 190432, 29986]
Start running res algorithm 2
RES algorithm: k = 50, r = 3661, runtime = 0.164 secs.
[69736, 33987, 24263, 459426, 38344, 329665, 472085, 102052, 127549, 69592, 472976, 198388, 339271, 382462, 431231, 29208, 126616, 126618, 301293, 12895, 472069, 101296, 26314, 107889, 62781, 102061, 260606, 354909, 222239, 17338, 71220, 654267, 24177, 12835, 126600, 113527, 946, 472068, 72082, 99215, 8753, 69708, 55422, 595903, 23387, 50480, 396879, 106231, 385887, 258876]
Start running res algorithm 3
RES algorithm: k = 50, r = 3661, runtime = 0.127 secs.
[23903, 556205, 411965, 5268, 421633, 190432, 6188, 329674, 324482, 102058, 78275, 434276, 654267, 147798, 69743, 10647, 946, 35804, 329665, 13524, 101285, 649, 472069, 303565, 12627, 472035, 23109, 18654, 359395, 612115, 69598, 15236, 339271, 47325, 69592, 126600, 31232, 414930, 40059, 12840, 236169, 329673, 52098, 194980, 29699, 216384, 44246, 264429, 287373, 79615]
Start running res algorithm 4
RES algorithm: k = 50, r = 3661, runtime = 0.086 secs.
[472978, 5510, 4387, 359020, 598306, 102056, 69592, 472977, 190069, 1483, 263215, 161463, 196733, 102018, 107891, 110843, 345436, 118157, 448501, 34144, 6187, 69741, 204695, 6744, 329727, 472066, 13436, 246356, 362692, 69595, 594002, 1208, 216666, 69735, 196960, 443276, 147409, 5537, 101282, 152506, 472074, 12892, 79615, 102055, 69708, 102058, 6008, 28847, 47324, 22254]
Start running res algorithm 5
RES algorithm: k = 50, r = 3661, runtime = 0.071 secs.
[261108, 40053, 472974, 472067, 13529, 354909, 72728, 18882, 472976, 414886, 390432, 472089, 12627, 6008, 2815, 378800, 95502, 69592, 216663, 69741, 216667, 8804, 765, 627522, 79615, 72577, 106567, 102059, 28847, 345436, 385885, 95969, 95501, 29414, 350126, 69593, 472978, 421041, 63441, 216664, 260246, 329665, 216384, 472085, 13518, 17090, 102016, 8400, 350855, 24263]
Start running res algorithm 6
RES algorithm: k = 50, r = 3661, runtime = 0.071 secs.
[5268, 448501, 115869, 8807, 472077, 6598, 13436, 1208, 69592, 216664, 40059, 219831, 261371, 13529, 627522, 69800, 102055, 196732, 473554, 475832, 555303, 188582, 176458, 261108, 57752, 12840, 33989, 4893, 101284, 12893, 472069, 303565, 6597, 5267, 107890, 611835, 172150, 167560, 30427, 472980, 69597, 36040, 16304, 1483, 253528, 194981, 260030, 101286, 152506, 253531]
Start running res algorithm 7
RES algorithm: k = 50, r = 3661, runtime = 0.069 secs.
[47324, 62857, 63441, 69592, 190470, 12892, 265017, 13679, 190469, 69231, 946, 211847, 382459, 85202, 167560, 118159, 36137, 414929, 113527, 79527, 190069, 1482, 100673, 253528, 4682, 126616, 472088, 140662, 53, 16965, 110843, 396880, 282674, 110997, 654267, 414886, 5268, 148881, 69734, 390433, 33971, 16047, 29441, 38152, 329728, 101286, 117835, 472068, 127508, 13518]
Start running res algorithm 8
RES algorithm: k = 50, r = 3661, runtime = 0.072 secs.
[431231, 390433, 472070, 12893, 329721, 5268, 8804, 253784, 102055, 265017, 24263, 14474, 13529, 216665, 386028, 329673, 4887, 102057, 70043, 6294, 110997, 69597, 11520, 6188, 260246, 11953, 190470, 29219, 472089, 102352, 33780, 50460, 12024, 167561, 472977, 472973, 414930, 69736, 4893, 95712, 23903, 472065, 102351, 29068, 102052, 472269, 4280, 5267, 282950, 44160]
Start running res algorithm 9
RES algorithm: k = 50, r = 3661, runtime = 0.071 secs.
[47325, 39493, 33780, 44246, 197141, 6294, 18578, 358931, 102359, 472073, 12893, 72082, 332325, 69597, 69594, 204502, 5268, 69600, 69734, 5762, 260039, 2246, 13528, 35664, 69708, 277591, 102058, 473557, 46238, 23109, 345436, 15384, 58349, 198388, 472032, 350854, 414929, 40053, 40059, 55453, 12940, 431231, 115869, 190352, 20054, 18095, 35679, 6744, 329726, 472071]
Average runtime = 0.1152 secs.
